[dotenv@17.3.1] injecting env (7) from .env -- tip: ⚙️  override existing env vars with { override: true }
============================================================
  Mission Control Server Started
============================================================
  HTTP Server: http://0.0.0.0:3001
  WebSocket:   ws://0.0.0.0:3001/ws
  REST API:    http://0.0.0.0:3001/api
============================================================
  Endpoints:
    GET  /api/agents       - List all agents
    GET  /api/agents/:id   - Get specific agent
    GET  /api/channels     - List all channels
    GET  /api/metrics      - Server metrics
    GET  /api/health       - Health check
============================================================
[2026-03-04T05:53:14.607Z] GET /api/health
[2026-03-04T05:54:05.352Z] GET /api/agents
[2026-03-04T05:57:32.963Z] GET /health
[2026-03-04T05:57:51.698Z] GET /api/health
[WS] New connection: socket_1_1772603991948 from 127.0.0.1
[REGISTER] Agent TestAgent (7fff9e92-1d0b-42a4-8439-1022b8fb35f3) registered as Test
[WS] Connection closed: socket_1_1772603991948 (code: 1005, reason: )
[DISCONNECT] Agent TestAgent (7fff9e92-1d0b-42a4-8439-1022b8fb35f3) disconnected
[2026-03-04T14:50:59.462Z] GET /
[2026-03-04T14:51:34.697Z] GET /health
[WS] New connection: socket_2_1772635922858 from 127.0.0.1
[WS] Connection closed: socket_2_1772635922858 (code: 1006, reason: )
